Start testing: Aug 19 16:53 India Standard Time
----------------------------------------------------------
1/31 Testing: test_device_init
1/31 Test: test_device_init
Command: "C:/Users/rr/Desktop/NEWDXLA-ALT/DXAiSt/build/Release/test_device_init.exe"
Directory: C:/Users/rr/Desktop/NEWDXLA-ALT/DXAiSt/build
"test_device_init" start time: Aug 19 16:53 India Standard Time
Output:
----------------------------------------------------------
Found 1 D3D12 hardware adapters:
 - AMD Radeon RX 9070 XT (VRAM: 16188 MB)
   Vendor ID: 0x1002 Device ID: 0x7550
   Wave Min/Max: [32, 64], Preferred Wave: 32
   WMMA Supported: YES, Dot4 Supported: YES
D3D12 Device successfully created!
<end of output>
Test time =   0.21 sec
----------------------------------------------------------
Test Passed.
"test_device_init" end time: Aug 19 16:53 India Standard Time
"test_device_init" time elapsed: 00:00:00
----------------------------------------------------------

Unable to find executable: C:/Users/rr/Desktop/NEWDXLA-ALT/DXAiSt/build/Release/test_mem_alloc.exe
2/31 Testing: test_mem_alloc
2/31 Test: test_mem_alloc
Command: ""
Directory: C:/Users/rr/Desktop/NEWDXLA-ALT/DXAiSt/build
"test_mem_alloc" start time: 
Output:
----------------------------------------------------------
<end of output>
Test time =   0.00 sec
----------------------------------------------------------
Test Passed.
"test_mem_alloc" end time: Aug 19 16:53 India Standard Time
"test_mem_alloc" time elapsed: 00:00:00
----------------------------------------------------------

Unable to find executable: C:/Users/rr/Desktop/NEWDXLA-ALT/DXAiSt/build/Release/test_dxjit_blas.exe
3/31 Testing: test_dxjit_blas
3/31 Test: test_dxjit_blas
Command: ""
Directory: C:/Users/rr/Desktop/NEWDXLA-ALT/DXAiSt/build
"test_dxjit_blas" start time: 
Output:
----------------------------------------------------------
<end of output>
Test time =   0.00 sec
----------------------------------------------------------
Test Passed.
"test_dxjit_blas" end time: Aug 19 16:53 India Standard Time
"test_dxjit_blas" time elapsed: 00:00:00
----------------------------------------------------------

Unable to find executable: C:/Users/rr/Desktop/NEWDXLA-ALT/DXAiSt/build/Release/test_substrate_full.exe
4/31 Testing: test_substrate_full
4/31 Test: test_substrate_full
Command: ""
Directory: C:/Users/rr/Desktop/NEWDXLA-ALT/DXAiSt/build
"test_substrate_full" start time: 
Output:
----------------------------------------------------------
<end of output>
Test time =   0.00 sec
----------------------------------------------------------
Test Passed.
"test_substrate_full" end time: Aug 19 16:53 India Standard Time
"test_substrate_full" time elapsed: 00:00:00
----------------------------------------------------------

Unable to find executable: C:/Users/rr/Desktop/NEWDXLA-ALT/DXAiSt/build/Release/test_model_inference.exe
5/31 Testing: test_model_inference
5/31 Test: test_model_inference
Command: ""
Directory: C:/Users/rr/Desktop/NEWDXLA-ALT/DXAiSt/build
"test_model_inference" start time: 
Output:
----------------------------------------------------------
<end of output>
Test time =   0.00 sec
----------------------------------------------------------
Test Passed.
"test_model_inference" end time: Aug 19 16:53 India Standard Time
"test_model_inference" time elapsed: 00:00:00
----------------------------------------------------------

Unable to find executable: C:/Users/rr/Desktop/NEWDXLA-ALT/DXAiSt/build/Release/test_attention_rand.exe
6/31 Testing: test_attention_rand
6/31 Test: test_attention_rand
Command: ""
Directory: C:/Users/rr/Desktop/NEWDXLA-ALT/DXAiSt/build
"test_attention_rand" start time: 
Output:
----------------------------------------------------------
<end of output>
Test time =   0.00 sec
----------------------------------------------------------
Test Passed.
"test_attention_rand" end time: Aug 19 16:53 India Standard Time
"test_attention_rand" time elapsed: 00:00:00
----------------------------------------------------------

Unable to find executable: C:/Users/rr/Desktop/NEWDXLA-ALT/DXAiSt/build/Release/test_q4_quant.exe
7/31 Testing: test_q4_quant
7/31 Test: test_q4_quant
Command: ""
Directory: C:/Users/rr/Desktop/NEWDXLA-ALT/DXAiSt/build
"test_q4_quant" start time: 
Output:
----------------------------------------------------------
<end of output>
Test time =   0.00 sec
----------------------------------------------------------
Test Passed.
"test_q4_quant" end time: Aug 19 16:53 India Standard Time
"test_q4_quant" time elapsed: 00:00:00
----------------------------------------------------------

Unable to find executable: C:/Users/rr/Desktop/NEWDXLA-ALT/DXAiSt/build/Release/test_model_formats.exe
8/31 Testing: test_model_formats
8/31 Test: test_model_formats
Command: ""
Directory: C:/Users/rr/Desktop/NEWDXLA-ALT/DXAiSt/build
"test_model_formats" start time: 
Output:
----------------------------------------------------------
<end of output>
Test time =   0.00 sec
----------------------------------------------------------
Test Passed.
"test_model_formats" end time: Aug 19 16:53 India Standard Time
"test_model_formats" time elapsed: 00:00:00
----------------------------------------------------------

Unable to find executable: C:/Users/rr/Desktop/NEWDXLA-ALT/DXAiSt/build/Release/test_streaming_sharding.exe
9/31 Testing: test_streaming_sharding
9/31 Test: test_streaming_sharding
Command: ""
Directory: C:/Users/rr/Desktop/NEWDXLA-ALT/DXAiSt/build
"test_streaming_sharding" start time: 
Output:
----------------------------------------------------------
<end of output>
Test time =   0.00 sec
----------------------------------------------------------
Test Passed.
"test_streaming_sharding" end time: Aug 19 16:53 India Standard Time
"test_streaming_sharding" time elapsed: 00:00:00
----------------------------------------------------------

Unable to find executable: C:/Users/rr/Desktop/NEWDXLA-ALT/DXAiSt/build/Release/test_real_model_loading.exe
10/31 Testing: test_real_model_loading
10/31 Test: test_real_model_loading
Command: ""
Directory: C:/Users/rr/Desktop/NEWDXLA-ALT/DXAiSt/build
"test_real_model_loading" start time: 
Output:
----------------------------------------------------------
<end of output>
Test time =   0.00 sec
----------------------------------------------------------
Test Passed.
"test_real_model_loading" end time: Aug 19 16:53 India Standard Time
"test_real_model_loading" time elapsed: 00:00:00
----------------------------------------------------------

Unable to find executable: C:/Users/rr/Desktop/NEWDXLA-ALT/DXAiSt/build/Release/test_large_gguf_spillover.exe
11/31 Testing: test_large_gguf_spillover
11/31 Test: test_large_gguf_spillover
Command: ""
Directory: C:/Users/rr/Desktop/NEWDXLA-ALT/DXAiSt/build
"test_large_gguf_spillover" start time: 
Output:
----------------------------------------------------------
<end of output>
Test time =   0.00 sec
----------------------------------------------------------
Test Passed.
"test_large_gguf_spillover" end time: Aug 19 16:53 India Standard Time
"test_large_gguf_spillover" time elapsed: 00:00:00
----------------------------------------------------------

Unable to find executable: C:/Users/rr/Desktop/NEWDXLA-ALT/DXAiSt/build/Release/test_50_50_offloading.exe
12/31 Testing: test_50_50_offloading
12/31 Test: test_50_50_offloading
Command: ""
Directory: C:/Users/rr/Desktop/NEWDXLA-ALT/DXAiSt/build
"test_50_50_offloading" start time: 
Output:
----------------------------------------------------------
<end of output>
Test time =   0.00 sec
----------------------------------------------------------
Test Passed.
"test_50_50_offloading" end time: Aug 19 16:53 India Standard Time
"test_50_50_offloading" time elapsed: 00:00:00
----------------------------------------------------------

Unable to find executable: C:/Users/rr/Desktop/NEWDXLA-ALT/DXAiSt/build/Release/test_sharding_perf.exe
13/31 Testing: test_sharding_perf
13/31 Test: test_sharding_perf
Command: ""
Directory: C:/Users/rr/Desktop/NEWDXLA-ALT/DXAiSt/build
"test_sharding_perf" start time: 
Output:
----------------------------------------------------------
<end of output>
Test time =   0.00 sec
----------------------------------------------------------
Test Passed.
"test_sharding_perf" end time: Aug 19 16:53 India Standard Time
"test_sharding_perf" time elapsed: 00:00:00
----------------------------------------------------------

Unable to find executable: C:/Users/rr/Desktop/NEWDXLA-ALT/DXAiSt/build/Release/test_split_load_inference.exe
14/31 Testing: test_split_load_inference
14/31 Test: test_split_load_inference
Command: ""
Directory: C:/Users/rr/Desktop/NEWDXLA-ALT/DXAiSt/build
"test_split_load_inference" start time: 
Output:
----------------------------------------------------------
<end of output>
Test time =   0.00 sec
----------------------------------------------------------
Test Passed.
"test_split_load_inference" end time: Aug 19 16:53 India Standard Time
"test_split_load_inference" time elapsed: 00:00:00
----------------------------------------------------------

Unable to find executable: C:/Users/rr/Desktop/NEWDXLA-ALT/DXAiSt/build/Release/test_chat_inference_harness.exe
15/31 Testing: test_chat_inference_harness
15/31 Test: test_chat_inference_harness
Command: ""
Directory: C:/Users/rr/Desktop/NEWDXLA-ALT/DXAiSt/build
"test_chat_inference_harness" start time: 
Output:
----------------------------------------------------------
<end of output>
Test time =   0.00 sec
----------------------------------------------------------
Test Passed.
"test_chat_inference_harness" end time: Aug 19 16:53 India Standard Time
"test_chat_inference_harness" time elapsed: 00:00:00
----------------------------------------------------------

Unable to find executable: C:/Users/rr/Desktop/NEWDXLA-ALT/DXAiSt/build/Release/test_512k_rag_mcp.exe
16/31 Testing: test_512k_rag_mcp
16/31 Test: test_512k_rag_mcp
Command: ""
Directory: C:/Users/rr/Desktop/NEWDXLA-ALT/DXAiSt/build
"test_512k_rag_mcp" start time: 
Output:
----------------------------------------------------------
<end of output>
Test time =   0.00 sec
----------------------------------------------------------
Test Passed.
"test_512k_rag_mcp" end time: Aug 19 16:53 India Standard Time
"test_512k_rag_mcp" time elapsed: 00:00:00
----------------------------------------------------------

Unable to find executable: C:/Users/rr/Desktop/NEWDXLA-ALT/DXAiSt/build/Release/test_dxnetwork.exe
17/31 Testing: test_dxnetwork
17/31 Test: test_dxnetwork
Command: ""
Directory: C:/Users/rr/Desktop/NEWDXLA-ALT/DXAiSt/build
"test_dxnetwork" start time: 
Output:
----------------------------------------------------------
<end of output>
Test time =   0.00 sec
----------------------------------------------------------
Test Passed.
"test_dxnetwork" end time: Aug 19 16:53 India Standard Time
"test_dxnetwork" time elapsed: 00:00:00
----------------------------------------------------------

Unable to find executable: C:/Users/rr/Desktop/NEWDXLA-ALT/DXAiSt/build/Release/test_dxtriton.exe
18/31 Testing: test_dxtriton
18/31 Test: test_dxtriton
Command: ""
Directory: C:/Users/rr/Desktop/NEWDXLA-ALT/DXAiSt/build
"test_dxtriton" start time: 
Output:
----------------------------------------------------------
<end of output>
Test time =   0.00 sec
----------------------------------------------------------
Test Passed.
"test_dxtriton" end time: Aug 19 16:53 India Standard Time
"test_dxtriton" time elapsed: 00:00:00
----------------------------------------------------------

Unable to find executable: C:/Users/rr/Desktop/NEWDXLA-ALT/DXAiSt/build/Release/test_dxfft.exe
19/31 Testing: test_dxfft
19/31 Test: test_dxfft
Command: ""
Directory: C:/Users/rr/Desktop/NEWDXLA-ALT/DXAiSt/build
"test_dxfft" start time: 
Output:
----------------------------------------------------------
<end of output>
Test time =   0.00 sec
----------------------------------------------------------
Test Passed.
"test_dxfft" end time: Aug 19 16:53 India Standard Time
"test_dxfft" time elapsed: 00:00:00
----------------------------------------------------------

Unable to find executable: C:/Users/rr/Desktop/NEWDXLA-ALT/DXAiSt/build/Release/test_dxcache.exe
20/31 Testing: test_dxcache
20/31 Test: test_dxcache
Command: ""
Directory: C:/Users/rr/Desktop/NEWDXLA-ALT/DXAiSt/build
"test_dxcache" start time: 
Output:
----------------------------------------------------------
<end of output>
Test time =   0.00 sec
----------------------------------------------------------
Test Passed.
"test_dxcache" end time: Aug 19 16:53 India Standard Time
"test_dxcache" time elapsed: 00:00:00
----------------------------------------------------------

Unable to find executable: C:/Users/rr/Desktop/NEWDXLA-ALT/DXAiSt/build/Release/test_dxspeculative.exe
21/31 Testing: test_dxspeculative
21/31 Test: test_dxspeculative
Command: ""
Directory: C:/Users/rr/Desktop/NEWDXLA-ALT/DXAiSt/build
"test_dxspeculative" start time: 
Output:
----------------------------------------------------------
<end of output>
Test time =   0.00 sec
----------------------------------------------------------
Test Passed.
"test_dxspeculative" end time: Aug 19 16:53 India Standard Time
"test_dxspeculative" time elapsed: 00:00:00
----------------------------------------------------------

Unable to find executable: C:/Users/rr/Desktop/NEWDXLA-ALT/DXAiSt/build/Release/test_dxgraph.exe
22/31 Testing: test_dxgraph
22/31 Test: test_dxgraph
Command: ""
Directory: C:/Users/rr/Desktop/NEWDXLA-ALT/DXAiSt/build
"test_dxgraph" start time: 
Output:
----------------------------------------------------------
<end of output>
Test time =   0.00 sec
----------------------------------------------------------
Test Passed.
"test_dxgraph" end time: Aug 19 16:53 India Standard Time
"test_dxgraph" time elapsed: 00:00:00
----------------------------------------------------------

Unable to find executable: C:/Users/rr/Desktop/NEWDXLA-ALT/DXAiSt/build/Release/test_dxtrace.exe
23/31 Testing: test_dxtrace
23/31 Test: test_dxtrace
Command: ""
Directory: C:/Users/rr/Desktop/NEWDXLA-ALT/DXAiSt/build
"test_dxtrace" start time: 
Output:
----------------------------------------------------------
<end of output>
Test time =   0.00 sec
----------------------------------------------------------
Test Passed.
"test_dxtrace" end time: Aug 19 16:53 India Standard Time
"test_dxtrace" time elapsed: 00:00:00
----------------------------------------------------------

24/31 Testing: test_blas_gemm
24/31 Test: test_blas_gemm
Command: "C:/Users/rr/Desktop/NEWDXLA-ALT/DXAiSt/build/Release/test_blas_gemm.exe"
Directory: C:/Users/rr/Desktop/NEWDXLA-ALT/DXAiSt/build
"test_blas_gemm" start time: Aug 19 16:53 India Standard Time
Output:
----------------------------------------------------------
DXAiT CUTLASS-style Tiled GEMM Test
===================================

Dispatching tiled GEMM 32x32x32 (tile 16x16)...
  C[0][0] = 545.6000 (ref 545.6000)
  max abs error = 0.000977

Result: Tiled GEMM PASSED

Dispatching F16 dot2add GEMM 32x32x32...
  F16 max abs error = 0.000000
Result: F16 dot2add GEMM PASSED
<end of output>
Test time =   0.24 sec
----------------------------------------------------------
Test Passed.
"test_blas_gemm" end time: Aug 19 16:53 India Standard Time
"test_blas_gemm" time elapsed: 00:00:00
----------------------------------------------------------

Unable to find executable: C:/Users/rr/Desktop/NEWDXLA-ALT/DXAiSt/build/Release/test_attention_variants.exe
25/31 Testing: test_attention_variants
25/31 Test: test_attention_variants
Command: ""
Directory: C:/Users/rr/Desktop/NEWDXLA-ALT/DXAiSt/build
"test_attention_variants" start time: 
Output:
----------------------------------------------------------
<end of output>
Test time =   0.00 sec
----------------------------------------------------------
Test Passed.
"test_attention_variants" end time: Aug 19 16:53 India Standard Time
"test_attention_variants" time elapsed: 00:00:00
----------------------------------------------------------

Unable to find executable: C:/Users/rr/Desktop/NEWDXLA-ALT/DXAiSt/build/Release/test_attn_paged.exe
26/31 Testing: test_attn_paged
26/31 Test: test_attn_paged
Command: ""
Directory: C:/Users/rr/Desktop/NEWDXLA-ALT/DXAiSt/build
"test_attn_paged" start time: 
Output:
----------------------------------------------------------
<end of output>
Test time =   0.00 sec
----------------------------------------------------------
Test Passed.
"test_attn_paged" end time: Aug 19 16:53 India Standard Time
"test_attn_paged" time elapsed: 00:00:00
----------------------------------------------------------

Unable to find executable: C:/Users/rr/Desktop/NEWDXLA-ALT/DXAiSt/build/Release/test_attn_h2o.exe
27/31 Testing: test_attn_h2o
27/31 Test: test_attn_h2o
Command: ""
Directory: C:/Users/rr/Desktop/NEWDXLA-ALT/DXAiSt/build
"test_attn_h2o" start time: 
Output:
----------------------------------------------------------
<end of output>
Test time =   0.00 sec
----------------------------------------------------------
Test Passed.
"test_attn_h2o" end time: Aug 19 16:53 India Standard Time
"test_attn_h2o" time elapsed: 00:00:00
----------------------------------------------------------

Unable to find executable: C:/Users/rr/Desktop/NEWDXLA-ALT/DXAiSt/build/Release/test_attn_chunked.exe
28/31 Testing: test_attn_chunked
28/31 Test: test_attn_chunked
Command: ""
Directory: C:/Users/rr/Desktop/NEWDXLA-ALT/DXAiSt/build
"test_attn_chunked" start time: 
Output:
----------------------------------------------------------
<end of output>
Test time =   0.00 sec
----------------------------------------------------------
Test Passed.
"test_attn_chunked" end time: Aug 19 16:53 India Standard Time
"test_attn_chunked" time elapsed: 00:00:00
----------------------------------------------------------

Unable to find executable: C:/Users/rr/Desktop/NEWDXLA-ALT/DXAiSt/build/Release/test_attn_ring.exe
29/31 Testing: test_attn_ring
29/31 Test: test_attn_ring
Command: ""
Directory: C:/Users/rr/Desktop/NEWDXLA-ALT/DXAiSt/build
"test_attn_ring" start time: 
Output:
----------------------------------------------------------
<end of output>
Test time =   0.00 sec
----------------------------------------------------------
Test Passed.
"test_attn_ring" end time: Aug 19 16:53 India Standard Time
"test_attn_ring" time elapsed: 00:00:00
----------------------------------------------------------

Unable to find executable: C:/Users/rr/Desktop/NEWDXLA-ALT/DXAiSt/build/Release/test_attn_ring_multi.exe
30/31 Testing: test_attn_ring_multi
30/31 Test: test_attn_ring_multi
Command: ""
Directory: C:/Users/rr/Desktop/NEWDXLA-ALT/DXAiSt/build
"test_attn_ring_multi" start time: 
Output:
----------------------------------------------------------
<end of output>
Test time =   0.00 sec
----------------------------------------------------------
Test Passed.
"test_attn_ring_multi" end time: Aug 19 16:53 India Standard Time
"test_attn_ring_multi" time elapsed: 00:00:00
----------------------------------------------------------

31/31 Testing: test_dxla
31/31 Test: test_dxla
Command: "C:/Users/rr/Desktop/NEWDXLA-ALT/DXAiSt/build/Release/test_dxla.exe"
Directory: C:/Users/rr/Desktop/NEWDXLA-ALT/DXAiSt/build
"test_dxla" start time: Aug 19 16:53 India Standard Time
Output:
----------------------------------------------------------
LA: gemm_f16_wmma: WMMA requires SM6.9/6.10 LinAlg (preview driver + Agility SDK) - excluded; using dot2
DXAiT LA op-layer test
======================

GPU: AMD Radeon RX 9070 XT (vendor 0x1002 dev 0x7550, WMMA=0, arch=1)
  Add            got[0]=1.343353 ref[0]=1.343353 max_err=0.00e+00 bad=0/10000 -> PASS
  Sub            got[0]=-0.535440 ref[0]=-0.535440 max_err=0.00e+00 bad=0/10000 -> PASS
  Mul            got[0]=0.379475 ref[0]=0.379475 max_err=0.00e+00 bad=0/10000 -> PASS
  Div            got[0]=0.430017 ref[0]=0.430017 max_err=2.44e-04 bad=0/10000 -> PASS

  relu           got[0]=0.002630 ref[0]=0.002630 max_err=0.00e+00 bad=0/10000 -> PASS
  gelu           got[0]=0.001318 ref[0]=0.001318 max_err=4.77e-07 bad=0/10000 -> PASS
  silu           got[0]=0.001317 ref[0]=0.001317 max_err=4.77e-07 bad=0/10000 -> PASS
  tanh           got[0]=0.002630 ref[0]=0.002630 max_err=1.79e-07 bad=0/10000 -> PASS
  sigmoid        got[0]=0.500657 ref[0]=0.500657 max_err=1.19e-07 bad=0/10000 -> PASS
  leaky          got[0]=0.002630 ref[0]=0.002630 max_err=0.00e+00 bad=0/10000 -> PASS

  rmsnorm        got[0]=0.051774 ref[0]=0.051774 max_err=4.77e-07 bad=0/1024 -> PASS

  softmax        got[0]=0.113621 ref[0]=0.113621 max_err=1.49e-08 bad=0/512 -> PASS

  sum            got[0]=-4.721735 ref[0]=-4.721735 max_err=0.00e+00 bad=0/8 -> PASS
  max            got[0]=0.965303 ref[0]=0.965303 max_err=0.00e+00 bad=0/8 -> PASS
  min            got[0]=-0.978888 ref[0]=-0.978888 max_err=0.00e+00 bad=0/8 -> PASS
  mean           got[0]=-0.073777 ref[0]=-0.073777 max_err=0.00e+00 bad=0/8 -> PASS

  gemm_f16_dot2  got[0]=68.000000 ref[0]=68.000000 max_err=0.00e+00 bad=0/256 -> PASS

  gemm_f16_wmma  got[0]=68.000000 ref[0]=68.000000 max_err=0.00e+00 bad=0/256 -> PASS

Overall: ALL TESTS PASSED
<end of output>
Test time =   0.28 sec
----------------------------------------------------------
Test Passed.
"test_dxla" end time: Aug 19 16:53 India Standard Time
"test_dxla" time elapsed: 00:00:00
----------------------------------------------------------

End testing: Aug 19 16:53 India Standard Time
