Start testing: Aug 13 16:26 India Standard Time
----------------------------------------------------------
1/18 Testing: test_device_init
1/18 Test: test_device_init
Command: "F:/DXAiSt/build/Release/test_device_init.exe"
Directory: F:/DXAiSt/build
"test_device_init" start time: Aug 13 16:26 India Standard Time
Output:
----------------------------------------------------------
Found 1 D3D12 hardware adapters:
 - AMD Radeon RX 9070 XT (VRAM: 16188 MB)
   Vendor ID: 0x1002 Device ID: 0x7550
   Wave Min/Max: [32, 64], Preferred Wave: 32
   WMMA Supported: YES, Dot4 Supported: YES
D3D12 Device successfully created!
<end of output>
Test time =   0.21 sec
----------------------------------------------------------
Test Passed.
"test_device_init" end time: Aug 13 16:26 India Standard Time
"test_device_init" time elapsed: 00:00:00
----------------------------------------------------------

2/18 Testing: test_mem_alloc
2/18 Test: test_mem_alloc
Command: "F:/DXAiSt/build/Release/test_mem_alloc.exe"
Directory: F:/DXAiSt/build
"test_mem_alloc" start time: Aug 13 16:26 India Standard Time
Output:
----------------------------------------------------------
DXAiT Memory Allocation and Queue Fence Test Passed!
<end of output>
Test time =   0.21 sec
----------------------------------------------------------
Test Passed.
"test_mem_alloc" end time: Aug 13 16:26 India Standard Time
"test_mem_alloc" time elapsed: 00:00:00
----------------------------------------------------------

3/18 Testing: test_dxjit_blas
3/18 Test: test_dxjit_blas
Command: "F:/DXAiSt/build/Release/test_dxjit_blas.exe"
Directory: F:/DXAiSt/build
"test_dxjit_blas" start time: Aug 13 16:26 India Standard Time
Output:
----------------------------------------------------------
DXAiT JIT + BLAS Vector Add Compute Dispatch Passed Perfectly!
<end of output>
Test time =   0.25 sec
----------------------------------------------------------
Test Passed.
"test_dxjit_blas" end time: Aug 13 16:26 India Standard Time
"test_dxjit_blas" time elapsed: 00:00:00
----------------------------------------------------------

4/18 Testing: test_substrate_full
4/18 Test: test_substrate_full
Command: "F:/DXAiSt/build/Release/test_substrate_full.exe"
Directory: F:/DXAiSt/build
"test_substrate_full" start time: Aug 13 16:26 India Standard Time
Output:
----------------------------------------------------------
Q8_0 Quantization roundtrip max error: 0.0220437 PASSED
DXAiT Full Substrate (Graph + Quant + KV + Barriers) Test Passed!
<end of output>
Test time =   0.22 sec
----------------------------------------------------------
Test Passed.
"test_substrate_full" end time: Aug 13 16:26 India Standard Time
"test_substrate_full" time elapsed: 00:00:00
----------------------------------------------------------

5/18 Testing: test_model_inference
5/18 Test: test_model_inference
Command: "F:/DXAiSt/build/Release/test_model_inference.exe"
Directory: F:/DXAiSt/build
"test_model_inference" start time: Aug 13 16:26 India Standard Time
Output:
----------------------------------------------------------
DXAiT Full SDK Execution (Math Ops + RMSNorm + Softmax + Scheduler) Passed Perfectly!
<end of output>
Test time =   0.25 sec
----------------------------------------------------------
Test Passed.
"test_model_inference" end time: Aug 13 16:26 India Standard Time
"test_model_inference" time elapsed: 00:00:00
----------------------------------------------------------

6/18 Testing: test_attention_rand
6/18 Test: test_attention_rand
Command: "F:/DXAiSt/build/Release/test_attention_rand.exe"
Directory: F:/DXAiSt/build
"test_attention_rand" start time: Aug 13 16:26 India Standard Time
Output:
----------------------------------------------------------
PCG32 GPU Random Generator Test PASSED
DXAiT Attention SDPA + PRNG Test Passed!
<end of output>
Test time =   0.24 sec
----------------------------------------------------------
Test Passed.
"test_attention_rand" end time: Aug 13 16:26 India Standard Time
"test_attention_rand" time elapsed: 00:00:00
----------------------------------------------------------

7/18 Testing: test_q4_quant
7/18 Test: test_q4_quant
Command: "F:/DXAiSt/build/Release/test_q4_quant.exe"
Directory: F:/DXAiSt/build
"test_q4_quant" start time: Aug 13 16:26 India Standard Time
Output:
----------------------------------------------------------
Q4_0 Quantization roundtrip max error: 0.50121 PASSED
Q4_0 GPU Dequantization Compute Dispatch PASSED
<end of output>
Test time =   0.22 sec
----------------------------------------------------------
Test Passed.
"test_q4_quant" end time: Aug 13 16:26 India Standard Time
"test_q4_quant" time elapsed: 00:00:00
----------------------------------------------------------

8/18 Testing: test_model_formats
8/18 Test: test_model_formats
Command: "F:/DXAiSt/build/Release/test_model_formats.exe"
Directory: F:/DXAiSt/build
"test_model_formats" start time: Aug 13 16:26 India Standard Time
Output:
----------------------------------------------------------
========================================================
 DXAiT Multi-Format Model Loaders Verification Suite
========================================================

[DXAiT ModelLoader Engine] Parsed 0 tensors (Arch: transformer_gqa, AttentionType: 1) from test_model.gguf
[1/4] GGUF v3 Model Loader:               PASSED
[2/4] Safetensors Model Loader:          PASSED
[3/4] PyTorch Export (.pte) Model Loader:PASSED
[4/4] ONNX Protobuf Model Loader:          PASSED
--------------------------------------------------------
 All 4 Model Format Loaders Verified End-to-End!
<end of output>
Test time =   0.03 sec
----------------------------------------------------------
Test Passed.
"test_model_formats" end time: Aug 13 16:26 India Standard Time
"test_model_formats" time elapsed: 00:00:00
----------------------------------------------------------

9/18 Testing: test_streaming_sharding
9/18 Test: test_streaming_sharding
Command: "F:/DXAiSt/build/Release/test_streaming_sharding.exe"
Directory: F:/DXAiSt/build
"test_streaming_sharding" start time: Aug 13 16:26 India Standard Time
Output:
----------------------------------------------------------
Disk-based Model Chunk Streaming PASSED
Model Sharding Engine PASSED
Advanced Hadamard Radix KV Cache PASSED
Multi-GPU Collective Engine PASSED
All Advanced Subsystems (Chunking, Sharding, Advanced KV Cache, Collectives) PASSED PERFECTLY!
<end of output>
Test time =   0.20 sec
----------------------------------------------------------
Test Passed.
"test_streaming_sharding" end time: Aug 13 16:26 India Standard Time
"test_streaming_sharding" time elapsed: 00:00:00
----------------------------------------------------------

10/18 Testing: test_real_model_loading
10/18 Test: test_real_model_loading
Command: "F:/DXAiSt/build/Release/test_real_model_loading.exe"
Directory: F:/DXAiSt/build
"test_real_model_loading" start time: Aug 13 16:26 India Standard Time
Output:
----------------------------------------------------------
========================================================
 DXAiT Real End-to-End Model Loading & Streaming Test
========================================================

Real Model Weight Streaming to GPU VRAM Verification PASSED!
<end of output>
Test time =   0.20 sec
----------------------------------------------------------
Test Passed.
"test_real_model_loading" end time: Aug 13 16:26 India Standard Time
"test_real_model_loading" time elapsed: 00:00:00
----------------------------------------------------------

11/18 Testing: test_large_gguf_spillover
11/18 Test: test_large_gguf_spillover
Command: "F:/DXAiSt/build/Release/test_large_gguf_spillover.exe"
Directory: F:/DXAiSt/build
"test_large_gguf_spillover" start time: Aug 13 16:26 India Standard Time
Output:
----------------------------------------------------------
========================================================
 DXAiT Full 18.68 GB GGUF Model VRAM + System RAM Residency Test
========================================================

Target GPU:              AMD Radeon RX 9070 XT
Dedicated VRAM Capacity:  16188 MB
Shared System RAM:       78569 MB

1. Memory-mapping 18.68 GB GGUF model file...
[DXAiT ModelLoader Engine] Parsed 833 tensors (Arch: transformer_gqa, AttentionType: 1) from E:\OLLAMA-Models\GGUF\Gemma-4-31B-Fable-5-Distill.q4_k_m.gguf
   Memory-mapped 18.68 GB file in 9.7757 ms
   Parsed 833 tensors!

2. Streaming 14.0 GB of model tensors into Dedicated VRAM + System RAM...
   Streamed Chunk [1/7] (2.0 GB) -> VRAM Handle 00000264176BC390 in 2257.43 ms (0.885963 GB/s)
   Streamed Chunk [2/7] (2.0 GB) -> VRAM Handle 000002641F7B7A00 in 1960.14 ms (1.02033 GB/s)
   Streamed Chunk [3/7] (2.0 GB) -> VRAM Handle 000002641F7B83C0 in 1988.34 ms (1.00587 GB/s)
   Streamed Chunk [4/7] (2.0 GB) -> VRAM Handle 000002641F7BE3A0 in 2237.89 ms (0.893701 GB/s)
   Streamed Chunk [5/7] (2.0 GB) -> VRAM Handle 000002641F7BED60 in 2329.04 ms (0.858721 GB/s)
   Streamed Chunk [6/7] (2.0 GB) -> VRAM Handle 000002641F7BF720 in 2086.62 ms (0.958488 GB/s)
   Streamed Chunk [7/7] (2.0 GB) -> VRAM Handle 000002641F7C00E0 in 1981.02 ms (1.00958 GB/s)

   Total 14.0 GB Streaming Time: 14840.9 ms (0.94334 GB/s throughput)
========================================================
 Full 18.68 GB GGUF Model Streaming & Residency Test PASSED!
<end of output>
Test time =  15.29 sec
----------------------------------------------------------
Test Passed.
"test_large_gguf_spillover" end time: Aug 13 16:26 India Standard Time
"test_large_gguf_spillover" time elapsed: 00:00:15
----------------------------------------------------------

12/18 Testing: test_50_50_offloading
12/18 Test: test_50_50_offloading
Command: "F:/DXAiSt/build/Release/test_50_50_offloading.exe"
Directory: F:/DXAiSt/build
"test_50_50_offloading" start time: Aug 13 16:26 India Standard Time
Output:
----------------------------------------------------------
========================================================
 DXAiT 50% VRAM / 50% RAM Offload & Hardware DMA Trace
========================================================

Target GPU Adapter:      AMD Radeon RX 9070 XT
Dedicated VRAM Capacity:  16188 MB
Shared System RAM:       78569 MB

1. Allocating 256 MB in GPU Dedicated VRAM (D3D12_HEAP_TYPE_DEFAULT)...
   VRAM Resource Handle: 000002336D8D6030
2. Allocating 256 MB in System RAM / ReBAR (D3D12_HEAP_TYPE_UPLOAD)...
   RAM Resource Handle:  000002336576FCE0
3. Writing test payload to System RAM buffer...
4. Issuing D3D12 COPY Queue CopyBufferRegion (System RAM -> Dedicated VRAM)...
   PCIe DMA Copy Completed in 14.693 ms (18.2696 GB/s throughput)!
5. Copying Dedicated VRAM buffer back to Readback Heap for hardware verification...
6. Hardware PCIe DMA Byte-for-Byte Verification PASSED!
========================================================
<end of output>
Test time =   0.35 sec
----------------------------------------------------------
Test Passed.
"test_50_50_offloading" end time: Aug 13 16:26 India Standard Time
"test_50_50_offloading" time elapsed: 00:00:00
----------------------------------------------------------

13/18 Testing: test_sharding_perf
13/18 Test: test_sharding_perf
Command: "F:/DXAiSt/build/Release/test_sharding_perf.exe"
Directory: F:/DXAiSt/build
"test_sharding_perf" start time: Aug 13 16:26 India Standard Time
Output:
----------------------------------------------------------
========================================================
 DXAiT Optimal Chunk Size Sweep & Throughput Benchmark
========================================================

Target GPU:              AMD Radeon RX 9070 XT
Dedicated VRAM Capacity:  16188 MB
Shared System RAM:       78569 MB

| Chunk Size (MB) | Num Chunks | Total MB | Time (ms) | Speed (GB/s) |
|-----------------|------------|----------|-----------|--------------|
|              32 |          8 |      256 |     130.9 |        1.910 |
|              64 |          8 |      512 |     256.6 |        1.948 |
|             128 |          8 |     1024 |     518.9 |        1.927 |
|             256 |          8 |     2048 |    1008.4 |        1.983 |
|             512 |          4 |     2048 |    1033.8 |        1.935 |
|            1024 |          2 |     2048 |    1192.4 |        1.677 |

========================================================
 Optimal Chunk Size Result:
   Optimal Chunk Granularity: 256 MB
   Peak DMA Streaming Speed:  1.983 GB/s
========================================================
<end of output>
Test time =   4.61 sec
----------------------------------------------------------
Test Passed.
"test_sharding_perf" end time: Aug 13 16:26 India Standard Time
"test_sharding_perf" time elapsed: 00:00:04
----------------------------------------------------------

14/18 Testing: test_split_load_inference
14/18 Test: test_split_load_inference
Command: "F:/DXAiSt/build/Release/test_split_load_inference.exe"
Directory: F:/DXAiSt/build
"test_split_load_inference" start time: Aug 13 16:26 India Standard Time
Output:
----------------------------------------------------------
========================================================
 DXAiT Split-Load Multi-Layer Inference Harness Test
========================================================

Target GPU:              AMD Radeon RX 9070 XT
Dedicated VRAM Capacity:  16188 MB
Shared System RAM:       78569 MB

1. Sharding 16 Transformer Layers (50% VRAM / 50% System RAM)...
   Successfully allocated and sharded 16 transformer layer tensors!

2. Executing 16-Layer Split-Load Transformer Forward Pass...
   [Layer  1/16] Location: Dedicated VRAM | Compute Latency: 27.201 ms
   [Layer  2/16] Location: Dedicated VRAM | Compute Latency: 1.236 ms
   [Layer  3/16] Location: Dedicated VRAM | Compute Latency: 1.041 ms
   [Layer  4/16] Location: Dedicated VRAM | Compute Latency: 1.068 ms
   [Layer  5/16] Location: Dedicated VRAM | Compute Latency: 1.056 ms
   [Layer  6/16] Location: Dedicated VRAM | Compute Latency: 1.079 ms
   [Layer  7/16] Location: Dedicated VRAM | Compute Latency: 1.065 ms
   [Layer  8/16] Location: Dedicated VRAM | Compute Latency: 1.073 ms
   [Layer  9/16] Location: Shared System RAM | Compute Latency: 1.102 ms
   [Layer 10/16] Location: Shared System RAM | Compute Latency: 1.072 ms
   [Layer 11/16] Location: Shared System RAM | Compute Latency: 1.052 ms
   [Layer 12/16] Location: Shared System RAM | Compute Latency: 1.059 ms
   [Layer 13/16] Location: Shared System RAM | Compute Latency: 1.092 ms
   [Layer 14/16] Location: Shared System RAM | Compute Latency: 1.054 ms
   [Layer 15/16] Location: Shared System RAM | Compute Latency: 1.052 ms
   [Layer 16/16] Location: Shared System RAM | Compute Latency: 1.127 ms

   Sample Output Activation Token Vector [0..3]: 1.000, 1.000, 1.000, 1.000

========================================================
 Inference Harness Performance Summary:
   Total Layers Evaluated: 16 (8 VRAM + 8 System RAM)
   Total Forward Pass:     43.52 ms
   Avg Latency per Layer:  2.720 ms
========================================================
 Split-Load Model Inference Harness Test PASSED!
<end of output>
Test time =   0.33 sec
----------------------------------------------------------
Test Passed.
"test_split_load_inference" end time: Aug 13 16:26 India Standard Time
"test_split_load_inference" time elapsed: 00:00:00
----------------------------------------------------------

15/18 Testing: test_chat_inference_harness
15/18 Test: test_chat_inference_harness
Command: "F:/DXAiSt/build/Release/test_chat_inference_harness.exe"
Directory: F:/DXAiSt/build
"test_chat_inference_harness" start time: Aug 13 16:26 India Standard Time
Output:
----------------------------------------------------------
========================================================
 DXAiT 128K Long-Context Split-Load Chat Inference Harness
========================================================

Target GPU:              AMD Radeon RX 9070 XT
Dedicated VRAM Capacity:  16188 MB
Shared System RAM:       78569 MB

1. Initialized 128K Token Long-Context Engine (Q4_0 KV Cache Quantization)...
   - Hot VRAM KV Capacity:   32 MB
   - Cold System RAM KV:     992 MB
   - KV Compression Ratio:   4x

2. Sharding 16 Model Layers (50% Dedicated VRAM / 50% System RAM)...
   Successfully allocated and sharded 16 transformer layer weights!

3. Running Autoregressive Interactive Chat Generation (16 tokens)...
   [Chat Token  1/16] Generated Token ID: 1000 | Decode Latency: 28.24 ms (35.4 tok/s)
   [Chat Token  2/16] Generated Token ID: 1007 | Decode Latency: 14.80 ms (67.6 tok/s)
   [Chat Token  3/16] Generated Token ID: 1014 | Decode Latency: 14.50 ms (68.9 tok/s)
   [Chat Token  4/16] Generated Token ID: 1021 | Decode Latency: 14.81 ms (67.5 tok/s)
   [Chat Token  5/16] Generated Token ID: 1028 | Decode Latency: 14.74 ms (67.8 tok/s)
   [Chat Token  6/16] Generated Token ID: 1035 | Decode Latency: 15.64 ms (63.9 tok/s)
   [Chat Token  7/16] Generated Token ID: 1042 | Decode Latency: 15.18 ms (65.9 tok/s)
   [Chat Token  8/16] Generated Token ID: 1049 | Decode Latency: 15.21 ms (65.7 tok/s)
   [Chat Token  9/16] Generated Token ID: 1056 | Decode Latency: 22.51 ms (44.4 tok/s)
   [Chat Token 10/16] Generated Token ID: 1063 | Decode Latency: 16.72 ms (59.8 tok/s)
   [Chat Token 11/16] Generated Token ID: 1070 | Decode Latency: 15.66 ms (63.9 tok/s)
   [Chat Token 12/16] Generated Token ID: 1077 | Decode Latency: 15.57 ms (64.2 tok/s)
   [Chat Token 13/16] Generated Token ID: 1084 | Decode Latency: 15.58 ms (64.2 tok/s)
   [Chat Token 14/16] Generated Token ID: 1091 | Decode Latency: 15.22 ms (65.7 tok/s)
   [Chat Token 15/16] Generated Token ID: 1098 | Decode Latency: 15.04 ms (66.5 tok/s)
   [Chat Token 16/16] Generated Token ID: 1105 | Decode Latency: 15.36 ms (65.1 tok/s)
[MARK] map done ptr=000001B50DA42000

   Final Output Activation Token Vector [0..3]: 0.0, 0.0, 0.0, 0.0

========================================================
 Chat Interactive Harness Performance Summary:
   Total Tokens Generated:  16
   Total Generation Time:   265.13 ms
   Avg Latency per Token:   16.57 ms/token
   Decode Throughput:       60.3 tokens/sec
========================================================
 128K Long-Context Split-Load Chat Harness Test PASSED!
<end of output>
Test time =   0.63 sec
----------------------------------------------------------
Test Passed.
"test_chat_inference_harness" end time: Aug 13 16:26 India Standard Time
"test_chat_inference_harness" time elapsed: 00:00:00
----------------------------------------------------------

16/18 Testing: test_512k_rag_mcp
16/18 Test: test_512k_rag_mcp
Command: "F:/DXAiSt/build/Release/test_512k_rag_mcp.exe"
Directory: F:/DXAiSt/build
"test_512k_rag_mcp" start time: Aug 13 16:26 India Standard Time
Output:
----------------------------------------------------------
========================================================
 DXAiT 512K Context, FastRetrieveDB RAG & MCP Server Test
========================================================

Target GPU:              AMD Radeon RX 9070 XT
Dedicated VRAM Capacity:  16188 MB
Shared System RAM:       78569 MB

1. 512K Engine Initialized (256K User Requested Target) & 100,000 Tokens Ingested:
   - Target User Context: 262144 tokens
   - Active Ingested:    100000
   - VRAM Hot Tokens:    8192 (64 MB)
   - System RAM Offload: 91808 (1984 MB)
   - KV Quantization:    Q4_0 (4x Compression)

   Testing Context Translation for Small Model (4096 Context Window)...
[DXAiT LongContextEngine] Translating 100000 Token Context -> 4096 Token Model Window:
   - Anchor Prompt Tokens: 128
   - Recent Window Tokens: 3968
   - Compressed Middle:    95904 tokens
   Context Translation Verified!

2. Indexing Documents into FastRetrieveDB Vector Store...
   - Total Vector Documents: 3
   - Top RAG Match: [doc_1] "DirectX 12 GPU Compute Substrate Architecture" (Similarity: 1)

   - Removing doc_3 and compacting database index...
   - Compacted Database Count: 2 documents!

3. Testing Model Context Protocol (MCP) Server JSON-RPC Interface...
   - MCP tools/list response: {"jsonrpc":"2.0","result":{"tools":[{"name":"rag_search","description":"Retrieve top-K relevant documents from in-memory FastRetrieveDB using vector embeddings"},{"name":"context_compact","description":"Compact and vacuum tombstoned vector documents and defragment KV cache"},{"name":"context_stats","description":"Get real-time statistics for 512K Long-Context Engine and VRAM/System RAM offloading"}]},"id":1}
   - MCP context_stats response: {"jsonrpc":"2.0","result":{"active_tokens":100000,"vram_tokens":8192,"sysram_tokens":91808,"vram_bytes":67108864,"compression_ratio":4},"id":1}
   - MCP rag_search response: {"jsonrpc":"2.0","result":{"retrieved_docs":[{"id":"doc_1","text":"DirectX 12 GPU Compute Substrate Architecture","similarity":1},{"id":"doc_2","text":"512K Long Context Window & Dynamic Offloading","similarity":1}]},"id":1}

========================================================
 512K Context, FastRetrieveDB RAG & MCP Server Test PASSED!
<end of output>
Test time =   0.36 sec
----------------------------------------------------------
Test Passed.
"test_512k_rag_mcp" end time: Aug 13 16:26 India Standard Time
"test_512k_rag_mcp" time elapsed: 00:00:00
----------------------------------------------------------

17/18 Testing: test_dxnetwork
17/18 Test: test_dxnetwork
Command: "F:/DXAiSt/build/Release/test_dxnetwork.exe"
Directory: F:/DXAiSt/build
"test_dxnetwork" start time: Aug 13 16:26 India Standard Time
Output:
----------------------------------------------------------
========================================================
 DXAiT Secure & Insecure DirectX Network Transport Test
========================================================

Target Local GPU:        AMD Radeon RX 9070 XT
Dedicated VRAM Capacity:  16188 MB

1. Testing Insecure Zero-Overhead Network Transport Mode...
[DXAiT NetworkClient] Connected to Server #1 at 192.168.1.101:9090 (Insecure High-Throughput Mode)
[DXAiT Network Transport] Transmitted 64 MB GPU Tensor Payload to Node #1 (Insecure Raw DMA Stream)
   Insecure Raw DMA Stream Verified!

2. Enabling AES-256 Encryption & HMAC Security Handshake Mode...
[DXAiT XML Exchange] Manifest Exchanged:
<NodeManifest>
  <NodeName>AMD Radeon RX 9070 XT</NodeName>
  <IPAddress>192.168.1.100</IPAddress>
  <Port>9090</Port>
  <VendorID>0x0</VendorID>
  <DeviceID>0x0</DeviceID>
  <VRAMCapacityMB>0</VRAMCapacityMB>
  <ShaderModel>6.6</ShaderModel>
  <ShaderHash>0x9F82A4B1</ShaderHash>
  <WMMA>false</WMMA>
  <FP16>true</FP16>
  <AuthSignature>0x04a9690153467285</AuthSignature>
</NodeManifest>
[DXAiT Auth] Node #1 HMAC Security Handshake SUCCESS!
[DXAiT Network Transport] Transmitted 64 MB GPU Tensor Payload to Node #1 (AES-256 Encrypted)
[DXAiT Network Transport] Received 64 MB GPU Tensor Payload from Node #1 (AES-256 Decrypted)

========================================================
 Secure & Insecure DirectX Network Transport Test PASSED!
<end of output>
Test time =   0.21 sec
----------------------------------------------------------
Test Passed.
"test_dxnetwork" end time: Aug 13 16:26 India Standard Time
"test_dxnetwork" time elapsed: 00:00:00
----------------------------------------------------------

18/18 Testing: test_dxtriton
18/18 Test: test_dxtriton
Command: "F:/DXAiSt/build/Release/test_dxtriton.exe"
Directory: F:/DXAiSt/build
"test_dxtriton" start time: Aug 13 16:26 India Standard Time
Output:
----------------------------------------------------------
========================================================
 DXAiT AITER / Triton-JIT HLSL Compiler Engine Test
========================================================

Target GPU:              AMD Radeon RX 9070 XT
Preferred Wave Size:     Wave64

1. Generating AITER/Triton HLSL Compute Shader Source...
   Triton HLSL Source Code Generated Successfully!

2. JIT Compiling Triton HLSL Source into D3D12 Pipeline State Object...
   Triton PSO JIT Compiled Successfully!

3. Dispatching JIT Compiled Triton MatMul Kernel...
   Triton Kernel Output Result [0..3]: 128, 0, 0, 0

========================================================
 AITER / Triton-JIT HLSL Compiler Engine Test PASSED!
<end of output>
Test time =   0.22 sec
----------------------------------------------------------
Test Passed.
"test_dxtriton" end time: Aug 13 16:26 India Standard Time
"test_dxtriton" time elapsed: 00:00:00
----------------------------------------------------------

End testing: Aug 13 16:26 India Standard Time
